<?xml version="1.0" encoding="UTF-8"?>
<!-- Generated by org.testng.reporters.JUnitReportReporter -->
<testsuite hostname="DESKTOP-EG5S4JD" failures="0" tests="1" name="mvn.AutomateMoodle" time="22.951" errors="0" timestamp="27 Jan 2021 02:53:44 GMT">
  <testcase classname="mvn.AutomateMoodle" name="validateLogInToMoodleWithValidCredential" time="22.951"/>
</testsuite> <!-- mvn.AutomateMoodle -->
