<?xml version="1.0" encoding="UTF-8"?>
<!-- Generated by org.testng.reporters.JUnitReportReporter -->
<testsuite hostname="DESKTOP-UDV36UN" failures="0" tests="2" name="mvn.NavigateToGoogle" time="12.509" errors="0" timestamp="20 Jan 2021 03:32:51 GMT">
  <testcase classname="mvn.NavigateToGoogle" name="SearchGoogle" time="12.508"/>
  <testcase classname="mvn.NavigateToGoogle" name="HelloWorld" time="0.001"/>
</testsuite> <!-- mvn.NavigateToGoogle -->
