<?xml version="1.0" encoding="UTF-8"?>
<!-- Generated by org.testng.reporters.JUnitReportReporter -->
<testsuite hostname="DESKTOP-UDV36UN" failures="0" tests="1" name="mvn.AutomateMoodle" time="21.707" errors="0" timestamp="19 Jan 2021 13:25:08 GMT">
  <testcase classname="mvn.AutomateMoodle" name="validateLogInToMoodleWithValidCredential" time="21.707"/>
</testsuite> <!-- mvn.AutomateMoodle -->
