<?xml version="1.0" encoding="UTF-8"?>
<!-- Generated by org.testng.reporters.JUnitReportReporter -->
<testsuite hostname="DESKTOP-EG5S4JD" failures="0" tests="2" name="mvn.NavigateToGoogle" time="14.191" errors="0" timestamp="27 Jan 2021 02:53:44 GMT">
  <testcase classname="mvn.NavigateToGoogle" name="SearchGoogle" time="14.190"/>
  <testcase classname="mvn.NavigateToGoogle" name="HelloWorld" time="0.001"/>
</testsuite> <!-- mvn.NavigateToGoogle -->
