<?xml version="1.0" encoding="UTF-8"?>
<!-- Generated by org.testng.reporters.JUnitReportReporter -->
<testsuite hostname="DESKTOP-UDV36UN" failures="0" tests="1" name="mvn.AutomateMoodle" time="22.896" errors="0" timestamp="20 Jan 2021 03:32:51 GMT">
  <testcase classname="mvn.AutomateMoodle" name="validateLogInToMoodleWithValidCredential" time="22.896"/>
</testsuite> <!-- mvn.AutomateMoodle -->
