<?xml version="1.0" encoding="UTF-8"?>
<!-- Generated by org.testng.reporters.JUnitReportReporter -->
<testsuite hostname="DESKTOP-UDV36UN" failures="0" tests="1" name="TestJava" time="0.007" errors="0" timestamp="2021-01-12T10:57:20 IST" skipped="0">
  <testcase classname="TestJava" name="testHelloWorld" time="0.007"/>
  <system-out/>
</testsuite> <!-- TestJava -->
