<?xml version="1.0" encoding="UTF-8"?>
<!-- Generated by org.testng.reporters.JUnitReportReporter -->
<testsuite hostname="DESKTOP-UDV36UN" failures="0" tests="2" name="mvn.NavigateToGoogle" time="10.404" errors="0" timestamp="19 Jan 2021 13:25:08 GMT">
  <testcase classname="mvn.NavigateToGoogle" name="SearchGoogle" time="10.402"/>
  <testcase classname="mvn.NavigateToGoogle" name="HelloWorld" time="0.002"/>
</testsuite> <!-- mvn.NavigateToGoogle -->
