<?xml version="1.0" encoding="UTF-8"?>
<!-- Generated by org.testng.reporters.JUnitReportReporter -->
<testsuite hostname="DESKTOP-UDV36UN" failures="0" tests="1" name="com.tj.mavenproject.AppTest" time="0.010" errors="0" timestamp="12 Jan 2021 17:20:24 GMT">
  <testcase classname="com.tj.mavenproject.AppTest" name="testHelloWorld" time="0.010"/>
</testsuite> <!-- com.tj.mavenproject.AppTest -->
